e:\abhay\uf\reconfigurable_computing\ra\rtc_sw\rt_sw\rt_sw\debug\vc140.pdb
e:\abhay\uf\reconfigurable_computing\ra\rtc_sw\rt_sw\rt_sw\debug\vc140.idb
e:\abhay\uf\reconfigurable_computing\ra\rtc_sw\rt_sw\rt_sw\debug\dram.obj
e:\abhay\uf\reconfigurable_computing\ra\rtc_sw\rt_sw\rt_sw\debug\rt_sim.obj
c:\users\abhay\dropbox\ray_tracing\implementation\software\rt_sw\rt_sw\debug\vc140.pdb
c:\users\abhay\dropbox\ray_tracing\implementation\software\rt_sw\rt_sw\debug\vc140.idb
c:\users\abhay\dropbox\ray_tracing\implementation\software\rt_sw\rt_sw\debug\rt_sim.obj
c:\users\abhay\dropbox\ray_tracing\implementation\software\rt_sw\rt_sw\debug\memcntrl.obj
c:\users\abhay\dropbox\ray_tracing\implementation\software\rt_sw\rt_sw\debug\dram.obj
c:\users\abhay\desktop\software\rt_sw\rt_sw\debug\vc140.pdb
c:\users\abhay\desktop\software\rt_sw\rt_sw\debug\vc140.idb
c:\users\abhay\desktop\software\rt_sw\rt_sw\debug\cache.obj
c:\users\abhay\desktop\software\rt_sw\rt_sw\debug\dram.obj
c:\users\abhay\desktop\software\rt_sw\rt_sw\debug\memcntrl.obj
c:\users\abhay\desktop\software\rt_sw\rt_sw\debug\rt_sim.obj
c:\users\abhay\desktop\software\rt_sw\rt_sw\debug\buffer.obj
e:\abhay\uf\reconfigurable_computing\ra\rtc_sw\rt_sw\debug\rt_sw.ilk
e:\abhay\uf\reconfigurable_computing\ra\rtc_sw\rt_sw\debug\rt_sw.exe
e:\abhay\uf\reconfigurable_computing\ra\rtc_sw\rt_sw\debug\rt_sw.pdb
c:\users\abhay\desktop\software\rt_sw\debug\rt_sw.ilk
c:\users\abhay\desktop\software\rt_sw\debug\rt_sw.exe
c:\users\abhay\desktop\software\rt_sw\debug\rt_sw.pdb
c:\users\abhay\desktop\software\rt_sw\rt_sw\debug\rt_sw.tlog\cl.command.1.tlog
c:\users\abhay\desktop\software\rt_sw\rt_sw\debug\rt_sw.tlog\cl.read.1.tlog
c:\users\abhay\desktop\software\rt_sw\rt_sw\debug\rt_sw.tlog\cl.write.1.tlog
c:\users\abhay\desktop\software\rt_sw\rt_sw\debug\rt_sw.tlog\link.13580-cvtres.read.1.tlog
c:\users\abhay\desktop\software\rt_sw\rt_sw\debug\rt_sw.tlog\link.13580-cvtres.write.1.tlog
c:\users\abhay\desktop\software\rt_sw\rt_sw\debug\rt_sw.tlog\link.13580-rc.read.1.tlog
c:\users\abhay\desktop\software\rt_sw\rt_sw\debug\rt_sw.tlog\link.13580-rc.write.1.tlog
c:\users\abhay\desktop\software\rt_sw\rt_sw\debug\rt_sw.tlog\link.13580.read.1.tlog
c:\users\abhay\desktop\software\rt_sw\rt_sw\debug\rt_sw.tlog\link.13580.write.1.tlog
c:\users\abhay\desktop\software\rt_sw\rt_sw\debug\rt_sw.tlog\link.command.1.tlog
c:\users\abhay\desktop\software\rt_sw\rt_sw\debug\rt_sw.tlog\link.read.1.tlog
c:\users\abhay\desktop\software\rt_sw\rt_sw\debug\rt_sw.tlog\link.write.1.tlog
c:\users\abhay\desktop\software\rt_sw\rt_sw\debug\rt_sw.tlog\rc.command.1.tlog
c:\users\abhay\desktop\software\rt_sw\rt_sw\debug\rt_sw.tlog\rc.read.1.tlog
c:\users\abhay\desktop\software\rt_sw\rt_sw\debug\rt_sw.tlog\rc.write.1.tlog
